\BOOKMARK [1][]{section.0.1}{\376\377\0001\000\040\000I\000n\000t\000r\000o\000d\000u\000c\000t\000i\000o\000n}{}% 1
\BOOKMARK [2][]{subsection.0.1.1}{\376\377\0001\000.\0001\000\040\000P\000r\000o\000b\000l\000e\000m\000\040\000B\000a\000c\000k\000g\000r\000o\000u\000n\000d}{section.0.1}% 2
\BOOKMARK [2][]{subsection.0.1.2}{\376\377\0001\000.\0002\000\040\000P\000r\000o\000b\000l\000e\000m\000\040\000R\000e\000s\000t\000a\000t\000e\000m\000e\000n\000t}{section.0.1}% 3
\BOOKMARK [2][]{subsection.0.1.3}{\376\377\0001\000.\0003\000\040\000O\000u\000r\000\040\000w\000o\000r\000k}{section.0.1}% 4
\BOOKMARK [1][]{section.0.2}{\376\377\0002\000\040\000P\000r\000e\000p\000a\000r\000a\000t\000i\000o\000n\000\040\000o\000f\000\040\000t\000h\000e\000\040\000M\000o\000d\000e\000l\000s}{}% 5
\BOOKMARK [2][]{subsection.0.2.1}{\376\377\0002\000.\0001\000\040\000A\000s\000s\000u\000m\000p\000t\000i\000o\000n\000s\000\040\000a\000n\000d\000\040\000E\000x\000p\000l\000a\000n\000a\000t\000i\000o\000n\000s}{section.0.2}% 6
\BOOKMARK [2][]{subsection.0.2.2}{\376\377\0002\000.\0002\000\040\000N\000o\000t\000a\000t\000i\000o\000n\000s}{section.0.2}% 7
\BOOKMARK [2][]{subsection.0.2.3}{\376\377\0002\000.\0003\000\040\000D\000a\000t\000a}{section.0.2}% 8
\BOOKMARK [3][]{subsubsection.0.2.3.1}{\376\377\0002\000.\0003\000.\0001\000\040\000D\000a\000t\000a\000\040\000C\000o\000l\000l\000e\000c\000t\000i\000o\000n}{subsection.0.2.3}% 9
\BOOKMARK [3][]{subsubsection.0.2.3.2}{\376\377\0002\000.\0003\000.\0002\000\040\000D\000a\000t\000a\000\040\000P\000r\000o\000c\000e\000s\000s\000i\000n\000g}{subsection.0.2.3}% 10
\BOOKMARK [1][]{section.0.3}{\376\377\0003\000\040\000P\000r\000o\000b\000e\000l\000m}{}% 11
\BOOKMARK [2][]{subsection.0.3.1}{\376\377\0003\000.\0001\000\040\000P\000r\000o\000b\000e\000l\000m\000\040\0001}{section.0.3}% 12
\BOOKMARK [3][]{subsubsection.0.3.1.1}{\376\377\0003\000.\0001\000.\0001\000\040\000U\000n\000d\000e\000r\000\040\000w\000h\000a\000t\000\040\000c\000o\000n\000d\000i\000t\000i\000o\000n\000s\000\040\000s\000h\000o\000u\000l\000d\000\040\000i\000n\000s\000u\000r\000a\000n\000c\000e\000\040\000c\000o\000m\000p\000a\000n\000i\000e\000s\000\040\000u\000n\000d\000e\000r\000w\000r\000i\000t\000e\000\040\000p\000o\000l\000i\000c\000i\000e\000s\000?}{subsection.0.3.1}% 13
\BOOKMARK [3][]{subsubsection.0.3.1.2}{\376\377\0003\000.\0001\000.\0002\000\040\000D\000e\000t\000a\000i\000l\000s\000\040\000a\000b\000o\000u\000t\000\040\000M\000o\000d\000e\000l\000\040\0001}{subsection.0.3.1}% 14
\BOOKMARK [2][]{subsection.0.3.2}{\376\377\0003\000.\0002\000\040\000P\000r\000o\000b\000e\000l\000m\000\040\0002}{section.0.3}% 15
\BOOKMARK [3][]{subsubsection.0.3.2.1}{\376\377\0003\000.\0002\000.\0001\000\040\000D\000e\000t\000a\000i\000l\000s\000\040\000a\000b\000o\000u\000t\000\040\000t\000h\000i\000s\000\040\000q\000u\000e\000s\000t\000i\000o\000n}{subsection.0.3.2}% 16
\BOOKMARK [2][]{subsection.0.3.3}{\376\377\0003\000.\0003\000\040\000P\000r\000o\000b\000l\000e\000m\000\040\0003}{section.0.3}% 17
\BOOKMARK [3][]{subsubsection.0.3.3.1}{\376\377\0003\000.\0003\000.\0001\000\040\000C\000o\000n\000c\000l\000u\000s\000i\000o\000n\000\040\000o\000f\000\040\000M\000o\000d\000e\000l\000\040\0002}{subsection.0.3.3}% 18
\BOOKMARK [3][]{subsubsection.0.3.3.2}{\376\377\0003\000.\0003\000.\0002\000\040\000C\000o\000m\000m\000e\000t\000a\000r\000y\000\040\000o\000n\000\040\000M\000o\000d\000e\000l\000\040\0002}{subsection.0.3.3}% 19
\BOOKMARK [1][]{section.0.4}{\376\377\0004\000\040\000T\000e\000s\000t\000\040\000t\000h\000e\000\040\000M\000o\000d\000e\000l}{}% 20
\BOOKMARK [2][]{subsection.0.4.1}{\376\377\0004\000.\0001\000\040\000S\000e\000n\000s\000i\000t\000i\000v\000i\000t\000y\000\040\000A\000n\000a\000l\000y\000s\000i\000s}{section.0.4}% 21
\BOOKMARK [2][]{subsection.0.4.2}{\376\377\0004\000.\0002\000\040\000R\000o\000b\000u\000s\000t\000n\000e\000s\000s\000\040\000A\000n\000a\000l\000y\000s\000i\000s}{section.0.4}% 22
\BOOKMARK [1][]{section.0.5}{\376\377\0005\000\040\000C\000o\000n\000c\000l\000u\000s\000i\000o\000n}{}% 23
\BOOKMARK [2][]{subsection.0.5.1}{\376\377\0005\000.\0001\000\040\000S\000u\000m\000m\000a\000r\000y\000\040\000o\000f\000\040\000R\000e\000s\000u\000l\000t\000s}{section.0.5}% 24
\BOOKMARK [2][]{subsection.0.5.2}{\376\377\0005\000.\0002\000\040\000S\000t\000r\000e\000n\000g\000t\000h\000s}{section.0.5}% 25
\BOOKMARK [2][]{subsection.0.5.3}{\376\377\0005\000.\0003\000\040\000W\000e\000a\000k\000n\000e\000s\000s\000e\000s\000\040\000a\000n\000d\000\040\000I\000m\000p\000r\000o\000v\000e\000m\000e\000n\000t\000s}{section.0.5}% 26
\BOOKMARK [1][]{section.0.6}{\376\377\000l\000e\000t\000t\000e\000r}{}% 27
\BOOKMARK [1][]{section.1.6}{\376\377\000R\000e\000f\000e\000r\000e\000n\000c\000e\000s}{}% 28
\BOOKMARK [1][]{section*.7}{\376\377\000A\000p\000p\000e\000n\000d\000i\000x\000\040\000A\000:\000\040\000s\000o\000m\000e\000t\000h\000i\000n\000g}{}% 29
\BOOKMARK [1][]{section*.8}{\376\377\000A\000p\000p\000e\000n\000d\000i\000x\000\040\000B\000:\000\040\000P\000r\000o\000g\000r\000a\000m\000\040\000C\000o\000d\000e\000s}{}% 30
